1611423891217	geckodriver	INFO	Listening on 127.0.0.1:50434
1611423894246	mozrunner::runner	INFO	Running command: "C:\\Program Files\\Mozilla Firefox\\firefox.exe" "--marionette" "-foreground" "-no-remote" "-profile" "C:\\Users\\user\\AppData\\Local\\Temp\\rust_mozprofile57pqJi"
Can't find symbol 'eglSwapBuffersWithDamageEXT'.
Can't find symbol 'eglSetDamageRegionKHR'.
console.warn: SearchSettings: "get: No settings file exists, new profile?" (new Error("", "(unknown module)"))
1611423897446	Marionette	INFO	Listening on port 50442
1611423897886	Marionette	WARN	TLS certificate errors will be ignored for this session
1611424106743	Marionette	INFO	Stopped listening on port 50442

###!!! [Child][RunMessage] Error: Channel closing: too late to send/recv, messages will be lost

"--marionette" "-foreground" "-no-remote" "-profile" "C:\\Users\\user\\AppData\\Local\\Temp\\rust_mozprofilexi0W8x"
Can't find symbol 'eglSwapBuffersWithDamageEXT'.
Can't find symbol 'eglSetDamageRegionKHR'.
console.warn: SearchSettings: "get: No settings file exists, new profile?" (new Error("", "(unknown module)"))
1611424025034	Marionette	INFO	Listening on port 50554
1611424025507	Marionette	WARN	TLS certificate errors will be ignored for this session
1611424107328	Marionette	INFO	Stopped listening on port 50554

###!!! [Child][RunMessage] Error: Channel closing: too late to send/recv, messages will be lost

"--marionette" "-foreground" "-no-remote" "-profile" "C:\\Users\\user\\AppData\\Local\\Temp\\rust_mozprofileG4Hu0R"
Can't find symbol 'eglSwapBuffersWithDamageEXT'.
Can't find symbol 'eglSetDamageRegionKHR'.
console.warn: SearchSettings: "get: No settings file exists, new profile?" (new Error("", "(unknown module)"))
1611424090817	Marionette	INFO	Listening on port 50648
1611424090934	Marionette	WARN	TLS certificate errors will be ignored for this session
1611424217312	geckodriver	INFO	Listening on 127.0.0.1:50758
